# JRE version: Java(TM) SE Runtime Environment (8.0_181-b13) (build 1.8.0_181-b13)
# Java VM: Java HotSpot(TM) 64-Bit Server VM (25.181-b13 mixed mode bsd-amd64 compressed oops)
Heap:
 PSYoungGen      total 153088K, used 20664K [0x0000000715580000, 0x0000000728080000, 0x00000007c0000000)
  eden space 131584K, 15% used [0x0000000715580000,0x00000007169ae050,0x000000071d600000)
  from space 21504K, 0% used [0x000000071eb00000,0x000000071eb00000,0x0000000720000000)
  to   space 21504K, 0% used [0x000000071d600000,0x000000071d600000,0x000000071eb00000)
 ParOldGen       total 160256K, used 15349K [0x00000005c0000000, 0x00000005c9c80000, 0x0000000715580000)
  object space 160256K, 9% used [0x00000005c0000000,0x00000005c0efd7d8,0x00000005c9c80000)
 Metaspace       used 22177K, capacity 23246K, committed 23424K, reserved 1069056K
  class space    used 2751K, capacity 3122K, committed 3200K, reserved 1048576K
GC Heap History (6 events):
Event: 3.186 GC heap before
{Heap before GC invocations=1 (full 0):
 PSYoungGen      total 153088K, used 131584K [0x0000000715580000, 0x0000000720000000, 0x00000007c0000000)
  eden space 131584K, 100% used [0x0000000715580000,0x000000071d600000,0x000000071d600000)
  from space 21504K, 0% used [0x000000071eb00000,0x000000071eb00000,0x0000000720000000)
  to   space 21504K, 0% used [0x000000071d600000,0x000000071d600000,0x000000071eb00000)
 ParOldGen       total 349696K, used 0K [0x00000005c0000000, 0x00000005d5580000, 0x0000000715580000)
  object space 349696K, 0% used [0x00000005c0000000,0x00000005c0000000,0x00000005d5580000)
 Metaspace       used 19744K, capacity 20756K, committed 20992K, reserved 1067008K
  class space    used 2330K, capacity 2698K, committed 2816K, reserved 1048576K
Event: 3.208 GC heap after
Heap after GC invocations=1 (full 0):
 PSYoungGen      total 153088K, used 18538K [0x0000000715580000, 0x0000000720000000, 0x00000007c0000000)
  eden space 131584K, 0% used [0x0000000715580000,0x0000000715580000,0x000000071d600000)
  from space 21504K, 86% used [0x000000071d600000,0x000000071e81a908,0x000000071eb00000)
  to   space 21504K, 0% used [0x000000071eb00000,0x000000071eb00000,0x0000000720000000)
 ParOldGen       total 349696K, used 24K [0x00000005c0000000, 0x00000005d5580000, 0x0000000715580000)
  object space 349696K, 0% used [0x00000005c0000000,0x00000005c0006000,0x00000005d5580000)
 Metaspace       used 19744K, capacity 20756K, committed 20992K, reserved 1067008K
  class space    used 2330K, capacity 2698K, committed 2816K, reserved 1048576K
}
Event: 3.238 GC heap before
{Heap before GC invocations=2 (full 0):
 PSYoungGen      total 153088K, used 26881K [0x0000000715580000, 0x0000000720000000, 0x00000007c0000000)
  eden space 131584K, 6% used [0x0000000715580000,0x0000000715da5c38,0x000000071d600000)
  from space 21504K, 86% used [0x000000071d600000,0x000000071e81a908,0x000000071eb00000)
  to   space 21504K, 0% used [0x000000071eb00000,0x000000071eb00000,0x0000000720000000)
 ParOldGen       total 349696K, used 24K [0x00000005c0000000, 0x00000005d5580000, 0x0000000715580000)
  object space 349696K, 0% used [0x00000005c0000000,0x00000005c0006000,0x00000005d5580000)
 Metaspace       used 20093K, capacity 21044K, committed 21248K, reserved 1067008K
  class space    used 2376K, capacity 2730K, committed 2816K, reserved 1048576K
Event: 3.251 GC heap after
Heap after GC invocations=2 (full 0):
 PSYoungGen      total 153088K, used 15756K [0x0000000715580000, 0x0000000728080000, 0x00000007c0000000)
  eden space 131584K, 0% used [0x0000000715580000,0x0000000715580000,0x000000071d600000)
  from space 21504K, 73% used [0x000000071eb00000,0x000000071fa632a0,0x0000000720000000)
  to   space 21504K, 0% used [0x000000071d600000,0x000000071d600000,0x000000071eb00000)
 ParOldGen       total 349696K, used 32K [0x00000005c0000000, 0x00000005d5580000, 0x0000000715580000)
  object space 349696K, 0% used [0x00000005c0000000,0x00000005c0008000,0x00000005d5580000)
 Metaspace       used 20093K, capacity 21044K, committed 21248K, reserved 1067008K
  class space    used 2376K, capacity 2730K, committed 2816K, reserved 1048576K
}
Event: 3.251 GC heap before
{Heap before GC invocations=3 (full 1):
 PSYoungGen      total 153088K, used 15756K [0x0000000715580000, 0x0000000728080000, 0x00000007c0000000)
  eden space 131584K, 0% used [0x0000000715580000,0x0000000715580000,0x000000071d600000)
  from space 21504K, 73% used [0x000000071eb00000,0x000000071fa632a0,0x0000000720000000)
  to   space 21504K, 0% used [0x000000071d600000,0x000000071d600000,0x000000071eb00000)
 ParOldGen       total 349696K, used 32K [0x00000005c0000000, 0x00000005d5580000, 0x0000000715580000)
  object space 349696K, 0% used [0x00000005c0000000,0x00000005c0008000,0x00000005d5580000)
 Metaspace       used 20093K, capacity 21044K, committed 21248K, reserved 1067008K
  class space    used 2376K, capacity 2730K, committed 2816K, reserved 1048576K
Event: 3.299 GC heap after
Heap after GC invocations=3 (full 1):
 PSYoungGen      total 153088K, used 0K [0x0000000715580000, 0x0000000728080000, 0x00000007c0000000)
  eden space 131584K, 0% used [0x0000000715580000,0x0000000715580000,0x000000071d600000)
  from space 21504K, 0% used [0x000000071eb00000,0x000000071eb00000,0x0000000720000000)
  to   space 21504K, 0% used [0x000000071d600000,0x000000071d600000,0x000000071eb00000)
 ParOldGen       total 160256K, used 15349K [0x00000005c0000000, 0x00000005c9c80000, 0x0000000715580000)
  object space 160256K, 9% used [0x00000005c0000000,0x00000005c0efd7d8,0x00000005c9c80000)
 Metaspace       used 20093K, capacity 21044K, committed 21248K, reserved 1067008K
  class space    used 2376K, capacity 2730K, committed 2816K, reserved 1048576K
}

